<?xml version="1.0" encoding="UTF-8"?>
<!-- Generated by org.testng.reporters.JUnitReportReporter -->
<testsuite skipped="0" hostname="DesignExperts" name="bankprojusingtestng.Login" tests="1" failures="0" timestamp="07 Oct 2017 07:24:47 GMT" time="8.243" errors="0">
  <testcase name="hittingurl" time="8.243" classname="bankprojusingtestng.Login"/>
</testsuite> <!-- bankprojusingtestng.Login -->
