<?xml version="1.0" encoding="UTF-8"?>
<!-- Generated by org.testng.reporters.JUnitReportReporter -->
<testsuite skipped="0" hostname="DesignExperts" name="bankprojusingtestng.InvalidInfo" tests="3" failures="0" timestamp="07 Oct 2017 07:13:21 GMT" time="6.422" errors="0">
  <testcase name="invalidUsername" time="3.233" classname="bankprojusingtestng.InvalidInfo"/>
  <testcase name="invalidPassword" time="0.847" classname="bankprojusingtestng.InvalidInfo"/>
  <testcase name="invalidUsernamePassword" time="2.342" classname="bankprojusingtestng.InvalidInfo"/>
</testsuite> <!-- bankprojusingtestng.InvalidInfo -->
