<?xml version="1.0" encoding="UTF-8"?>
<!-- Generated by org.testng.reporters.JUnitReportReporter -->
<testsuite skipped="0" hostname="DesignExperts" name="bankprojusingtestng.Login" tests="1" failures="0" timestamp="24 Sep 2017 08:55:52 GMT" time="5.717" errors="0">
  <testcase name="hittingurl" time="5.717" classname="bankprojusingtestng.Login"/>
</testsuite> <!-- bankprojusingtestng.Login -->
