<?xml version="1.0" encoding="UTF-8"?>
<!-- Generated by org.testng.reporters.JUnitReportReporter -->
<testsuite skipped="0" hostname="DesignExperts" name="bankprojusingtestng.Parameter" tests="1" failures="0" timestamp="07 Oct 2017 07:51:06 GMT" time="6.724" errors="0">
  <testcase name="login" time="6.724" classname="bankprojusingtestng.Parameter"/>
</testsuite> <!-- bankprojusingtestng.Parameter -->
